[    0.000000] Initializing cgroup subsys cpuset
[    0.000000] Initializing cgroup subsys cpu
[    0.000000] Initializing cgroup subsys cpuacct
[    0.000000] Linux version 4.4.0-174-generic (buildd@lcy01-amd64-027) (gcc version 5.4.0 20160609 (Ubuntu 5.4.0-6ubuntu1~16.04.12) ) #204-Ubuntu SMP Wed Jan 29 06:41:01 UTC 2020 (Ubuntu 4.4.0-174.204-generic 4.4.211)
[    0.000000] Command line: BOOT_IMAGE=/boot/vmlinuz-4.4.0-174-generic root=UUID=b576e638-5902-43e1-99dd-3ca39623b61c ro console=tty1 console=ttyS0
[    0.000000] KERNEL supported cpus:
[    0.000000]   Intel GenuineIntel
[    0.000000]   AMD AuthenticAMD
[    0.000000]   Centaur CentaurHauls
[    0.000000] x86/fpu: xstate_offset[2]:  576, xstate_sizes[2]:  256
[    0.000000] x86/fpu: Supporting XSAVE feature 0x01: 'x87 floating point registers'
[    0.000000] x86/fpu: Supporting XSAVE feature 0x02: 'SSE registers'
[    0.000000] x86/fpu: Supporting XSAVE feature 0x04: 'AVX registers'
[    0.000000] x86/fpu: Enabled xstate features 0x7, context size is 832 bytes, using 'standard' format.
[    0.000000] e820: BIOS-provided physical RAM map:
[    0.000000] BIOS-e820: [mem 0x0000000000000000-0x000000000009fbff] usable
[    0.000000] BIOS-e820: [mem 0x000000000009fc00-0x000000000009ffff] reserved
[    0.000000] BIOS-e820: [mem 0x00000000000f0000-0x00000000000fffff] reserved
[    0.000000] BIOS-e820: [mem 0x0000000000100000-0x000000003ffeffff] usable
[    0.000000] BIOS-e820: [mem 0x000000003fff0000-0x000000003fffffff] ACPI data
[    0.000000] BIOS-e820: [mem 0x00000000fec00000-0x00000000fec00fff] reserved
[    0.000000] BIOS-e820: [mem 0x00000000fee00000-0x00000000fee00fff] reserved
[    0.000000] BIOS-e820: [mem 0x00000000fffc0000-0x00000000ffffffff] reserved
[    0.000000] NX (Execute Disable) protection: active
[    0.000000] SMBIOS 2.5 present.
[    0.000000] Hypervisor detected: KVM
[    0.000000] Kernel/User page tables isolation: disabled
[    0.000000] e820: last_pfn = 0x3fff0 max_arch_pfn = 0x400000000
[    0.000000] MTRR: Disabled
[    0.000000] x86/PAT: MTRRs disabled, skipping PAT initialization too.
[    0.000000] CPU MTRRs all blank - virtualized system.
[    0.000000] x86/PAT: Configuration [0-7]: WB  WT  UC- UC  WB  WT  UC- UC  
[    0.000000] found SMP MP-table at [mem 0x0009fff0-0x0009ffff] mapped at [ffff88000009fff0]
[    0.000000] Scanning 1 areas for low memory corruption
[    0.000000] RAMDISK: [mem 0x361ca000-0x370dcfff]
[    0.000000] ACPI: Early table checksum verification disabled
[    0.000000] ACPI: RSDP 0x00000000000E0000 000024 (v02 VBOX  )
[    0.000000] ACPI: XSDT 0x000000003FFF0030 00003C (v01 VBOX   VBOXXSDT 00000001 ASL  00000061)
[    0.000000] ACPI: FACP 0x000000003FFF00F0 0000F4 (v04 VBOX   VBOXFACP 00000001 ASL  00000061)
[    0.000000] ACPI: DSDT 0x000000003FFF0470 0022EA (v02 VBOX   VBOXBIOS 00000002 INTL 20100528)
[    0.000000] ACPI: FACS 0x000000003FFF0200 000040
[    0.000000] ACPI: FACS 0x000000003FFF0200 000040
[    0.000000] ACPI: APIC 0x000000003FFF0240 000054 (v02 VBOX   VBOXAPIC 00000001 ASL  00000061)
[    0.000000] ACPI: SSDT 0x000000003FFF02A0 0001CC (v01 VBOX   VBOXCPUT 00000002 INTL 20100528)
[    0.000000] No NUMA configuration found
[    0.000000] Faking a node at [mem 0x0000000000000000-0x000000003ffeffff]
[    0.000000] NODE_DATA(0) allocated [mem 0x3ffeb000-0x3ffeffff]
[    0.000000] kvm-clock: Using msrs 4b564d01 and 4b564d00
[    0.000000] kvm-clock: cpu 0, msr 0:3ffe3001, primary cpu clock
[    0.000000] kvm-clock: using sched offset of 3669853301 cycles
[    0.000000] clocksource: kvm-clock: mask: 0xffffffffffffffff max_cycles: 0x1cd42e4dffb, max_idle_ns: 881590591483 ns
[    0.000000] Zone ranges:
[    0.000000]   DMA      [mem 0x0000000000001000-0x0000000000ffffff]
[    0.000000]   DMA32    [mem 0x0000000001000000-0x000000003ffeffff]
[    0.000000]   Normal   empty
[    0.000000]   Device   empty
[    0.000000] Movable zone start for each node
[    0.000000] Early memory node ranges
[    0.000000]   node   0: [mem 0x0000000000001000-0x000000000009efff]
[    0.000000]   node   0: [mem 0x0000000000100000-0x000000003ffeffff]
[    0.000000] Initmem setup node 0 [mem 0x0000000000001000-0x000000003ffeffff]
[    0.000000] ACPI: PM-Timer IO Port: 0x4008
[    0.000000] IOAPIC[0]: apic_id 1, version 32, address 0xfec00000, GSI 0-23
[    0.000000] ACPI: INT_SRC_OVR (bus 0 bus_irq 0 global_irq 2 dfl dfl)
[    0.000000] ACPI: INT_SRC_OVR (bus 0 bus_irq 9 global_irq 9 low level)
[    0.000000] Using ACPI (MADT) for SMP configuration information
[    0.000000] smpboot: Allowing 1 CPUs, 0 hotplug CPUs
[    0.000000] PM: Registered nosave memory: [mem 0x00000000-0x00000fff]
[    0.000000] PM: Registered nosave memory: [mem 0x0009f000-0x0009ffff]
[    0.000000] PM: Registered nosave memory: [mem 0x000a0000-0x000effff]
[    0.000000] PM: Registered nosave memory: [mem 0x000f0000-0x000fffff]
[    0.000000] e820: [mem 0x40000000-0xfebfffff] available for PCI devices
[    0.000000] Booting paravirtualized kernel on KVM
[    0.000000] clocksource: refined-jiffies: mask: 0xffffffff max_cycles: 0xffffffff, max_idle_ns: 7645519600211568 ns
[    0.000000] setup_percpu: NR_CPUS:512 nr_cpumask_bits:512 nr_cpu_ids:1 nr_node_ids:1
[    0.000000] PERCPU: Embedded 33 pages/cpu @ffff88003fc00000 s95448 r8192 d31528 u2097152
[    0.000000] Built 1 zonelists in Node order, mobility grouping on.  Total pages: 257912
[    0.000000] Policy zone: DMA32
[    0.000000] Kernel command line: BOOT_IMAGE=/boot/vmlinuz-4.4.0-174-generic root=UUID=b576e638-5902-43e1-99dd-3ca39623b61c ro console=tty1 console=ttyS0
[    0.000000] PID hash table entries: 4096 (order: 3, 32768 bytes)
[    0.000000] Memory: 997248K/1048120K available (8626K kernel code, 1336K rwdata, 4032K rodata, 1488K init, 1292K bss, 50872K reserved, 0K cma-reserved)
[    0.000000] SLUB: HWalign=64, Order=0-3, MinObjects=0, CPUs=1, Nodes=1
[    0.000000] Hierarchical RCU implementation.
[    0.000000] 	Build-time adjustment of leaf fanout to 64.
[    0.000000] 	RCU restricting CPUs from NR_CPUS=512 to nr_cpu_ids=1.
[    0.000000] RCU: Adjusting geometry for rcu_fanout_leaf=64, nr_cpu_ids=1
[    0.000000] NR_IRQS:33024 nr_irqs:256 16
[    0.000000] Console: colour VGA+ 80x25
[    0.000000] console [tty1] enabled
[    0.000000] console [ttyS0] enabled
[    0.000000] tsc: Detected 1991.999 MHz processor
[    0.198846] Calibrating delay loop (skipped) preset value.. 3983.99 BogoMIPS (lpj=7967996)
[    0.200868] pid_max: default: 32768 minimum: 301
[    0.201903] ACPI: Core revision 20150930
[    0.204529] ACPI: 2 ACPI AML tables successfully acquired and loaded
[    0.207089] Security Framework initialized
[    0.208507] Yama: becoming mindful.
[    0.209505] AppArmor: AppArmor initialized
[    0.210646] Dentry cache hash table entries: 131072 (order: 8, 1048576 bytes)
[    0.212456] Inode-cache hash table entries: 65536 (order: 7, 524288 bytes)
[    0.218028] Mount-cache hash table entries: 2048 (order: 2, 16384 bytes)
[    0.219490] Mountpoint-cache hash table entries: 2048 (order: 2, 16384 bytes)
[    0.221730] Initializing cgroup subsys io
[    0.223090] Initializing cgroup subsys memory
[    0.224960] Initializing cgroup subsys devices
[    0.226390] Initializing cgroup subsys freezer
[    0.227850] Initializing cgroup subsys net_cls
[    0.229258] Initializing cgroup subsys perf_event
[    0.230589] Initializing cgroup subsys net_prio
[    0.232575] Initializing cgroup subsys hugetlb
[    0.234482] Initializing cgroup subsys pids
[    0.237981] mce: CPU supports 0 MCE banks
[    0.239072] process: using mwait in idle threads
[    0.240507] Last level iTLB entries: 4KB 64, 2MB 8, 4MB 8
[    0.242148] Last level dTLB entries: 4KB 64, 2MB 0, 4MB 0, 1GB 4
[    0.244400] Spectre V1 : Mitigation: usercopy/swapgs barriers and __user pointer sanitization
[    0.246719] Spectre V2 : Mitigation: Full generic retpoline
[    0.247981] Spectre V2 : Spectre v2 / SpectreRSB mitigation: Filling RSB on context switch
[    0.249998] Speculative Store Bypass: Vulnerable
[    0.251276] MDS: Mitigation: Clear CPU buffers
[    0.285565] Freeing SMP alternatives memory: 36K
[    0.294654] ftrace: allocating 32305 entries in 127 pages
[    0.377836] smpboot: APIC(0) Converting physical 0 to logical package 0
[    0.379461] smpboot: Max logical packages: 1
[    0.380786] x2apic enabled
[    0.381860] Switched APIC routing to physical x2apic.
[    0.384428] ..TIMER: vector=0x30 apic1=0 pin1=2 apic2=-1 pin2=-1
[    0.493927] smpboot: CPU0: Intel(R) Core(TM) i7-8565U CPU @ 1.80GHz (family: 0x6, model: 0x8e, stepping: 0xb)
[    0.495934] Performance Events: unsupported p6 CPU model 142 no PMU driver, software events only.
[    0.506347] KVM setup paravirtual spinlock
[    0.508563] x86: Booted up 1 node, 1 CPUs
[    0.509493] smpboot: Total of 1 processors activated (3983.99 BogoMIPS)
[    0.511464] devtmpfs: initialized
[    0.513386] evm: security.selinux
[    0.514273] evm: security.SMACK64
[    0.514992] evm: security.SMACK64EXEC
[    0.515747] evm: security.SMACK64TRANSMUTE
[    0.516640] evm: security.SMACK64MMAP
[    0.517448] evm: security.ima
[    0.518135] evm: security.capability
[    0.518955] clocksource: jiffies: mask: 0xffffffff max_cycles: 0xffffffff, max_idle_ns: 7645041785100000 ns
[    0.520671] futex hash table entries: 256 (order: 2, 16384 bytes)
[    0.522246] pinctrl core: initialized pinctrl subsystem
[    0.524145] RTC time: 14:48:05, date: 03/19/20
[    0.525482] NET: Registered protocol family 16
[    0.526806] cpuidle: using governor ladder
[    0.527847] cpuidle: using governor menu
[    0.529092] PCCT header not found.
[    0.530099] ACPI: bus type PCI registered
[    0.531110] acpiphp: ACPI Hot Plug PCI Controller Driver version: 0.5
[    0.532670] PCI: Using configuration type 1 for base access
[    0.538422] ACPI: Added _OSI(Module Device)
[    0.539499] ACPI: Added _OSI(Processor Device)
[    0.540627] ACPI: Added _OSI(3.0 _SCP Extensions)
[    0.541762] ACPI: Added _OSI(Processor Aggregator Device)
[    0.543560] ACPI: Executed 1 blocks of module-level executable AML code
[    0.547099] ACPI: Interpreter enabled
[    0.547834] ACPI: (supports S0 S5)
[    0.548555] ACPI: Using IOAPIC for interrupt routing
[    0.549683] PCI: Using host bridge windows from ACPI; if necessary, use "pci=nocrs" and report a bug
[    0.555020] ACPI: PCI Root Bridge [PCI0] (domain 0000 [bus 00-ff])
[    0.556664] acpi PNP0A03:00: _OSC: OS supports [ASPM ClockPM Segments MSI]
[    0.558680] acpi PNP0A03:00: _OSC: not requesting OS control; OS requires [ExtendedConfig ASPM ClockPM MSI]
[    0.560665] acpi PNP0A03:00: fail to add MMCONFIG information, can't access extended PCI configuration space under this bridge.
[    0.563323] PCI host bridge to bus 0000:00
[    0.564240] pci_bus 0000:00: root bus resource [io  0x0000-0x0cf7 window]
[    0.565633] pci_bus 0000:00: root bus resource [io  0x0d00-0xffff window]
[    0.567068] pci_bus 0000:00: root bus resource [mem 0x000a0000-0x000bffff window]
[    0.568541] pci_bus 0000:00: root bus resource [mem 0x40000000-0xfdffffff window]
[    0.569984] pci_bus 0000:00: root bus resource [bus 00-ff]
[    0.573029] pci 0000:00:01.1: legacy IDE quirk: reg 0x10: [io  0x01f0-0x01f7]
[    0.575209] pci 0000:00:01.1: legacy IDE quirk: reg 0x14: [io  0x03f6]
[    0.576661] pci 0000:00:01.1: legacy IDE quirk: reg 0x18: [io  0x0170-0x0177]
[    0.577967] pci 0000:00:01.1: legacy IDE quirk: reg 0x1c: [io  0x0376]
[    0.590484] pci 0000:00:07.0: quirk: [io  0x4000-0x403f] claimed by PIIX4 ACPI
[    0.600327] pci 0000:00:07.0: quirk: [io  0x4100-0x410f] claimed by PIIX4 SMB
[    0.610028] ACPI: PCI Interrupt Link [LNKA] (IRQs 5 9 10 *11)
[    0.611879] ACPI: PCI Interrupt Link [LNKB] (IRQs 5 9 *10 11)
[    0.613566] ACPI: PCI Interrupt Link [LNKC] (IRQs 5 *9 10 11)
[    0.615600] ACPI: PCI Interrupt Link [LNKD] (IRQs 5 9 10 *11)
[    0.617431] ACPI: Enabled 2 GPEs in block 00 to 07
[    0.618713] vgaarb: setting as boot device: PCI:0000:00:02.0
[    0.619841] vgaarb: device added: PCI:0000:00:02.0,decodes=io+mem,owns=io+mem,locks=none
[    0.621555] vgaarb: loaded
[    0.622316] vgaarb: bridge control possible 0000:00:02.0
[    0.624372] SCSI subsystem initialized
[    0.625657] ACPI: bus type USB registered
[    0.626521] usbcore: registered new interface driver usbfs
[    0.627563] usbcore: registered new interface driver hub
[    0.628572] usbcore: registered new device driver usb
[    0.629729] PCI: Using ACPI for IRQ routing
[    0.630960] NetLabel: Initializing
[    0.631707] NetLabel:  domain hash size = 128
[    0.632577] NetLabel:  protocols = UNLABELED CIPSOv4
[    0.633540] NetLabel:  unlabeled traffic allowed by default
[    0.634622] amd_nb: Cannot enumerate AMD northbridges
[    0.635658] clocksource: Switched to clocksource kvm-clock
[    0.648800] AppArmor: AppArmor Filesystem Enabled
[    0.650089] pnp: PnP ACPI init
[    0.651741] pnp: PnP ACPI: found 3 devices
[    0.658299] clocksource: acpi_pm: mask: 0xffffff max_cycles: 0xffffff, max_idle_ns: 2085701024 ns
[    0.660299] NET: Registered protocol family 2
[    0.661428] TCP established hash table entries: 8192 (order: 4, 65536 bytes)
[    0.663034] TCP bind hash table entries: 8192 (order: 5, 131072 bytes)
[    0.664486] TCP: Hash tables configured (established 8192 bind 8192)
[    0.665819] UDP hash table entries: 512 (order: 2, 16384 bytes)
[    0.667161] UDP-Lite hash table entries: 512 (order: 2, 16384 bytes)
[    0.668591] NET: Registered protocol family 1
[    0.669739] pci 0000:00:00.0: Limiting direct PCI/PCI transfers
[    0.670905] pci 0000:00:01.0: Activating ISA DMA hang workarounds
[    0.672257] Unpacking initramfs...
[    0.913974] Freeing initrd memory: 15436K
[    0.914925] clocksource: tsc: mask: 0xffffffffffffffff max_cycles: 0x396d4ffc055, max_idle_ns: 881590662783 ns
[    0.917014] platform rtc_cmos: registered platform RTC device (no PNP device found)
[    0.918628] Scanning for low memory corruption every 60 seconds
[    0.920197] audit: initializing netlink subsys (disabled)
[    0.921274] audit: type=2000 audit(1584629290.580:1): initialized
[    0.922887] Initialise system trusted keyring
[    0.924285] HugeTLB registered 2 MB page size, pre-allocated 0 pages
[    0.926818] zbud: loaded
[    0.927807] VFS: Disk quotas dquot_6.6.0
[    0.928696] VFS: Dquot-cache hash table entries: 512 (order 0, 4096 bytes)
[    0.930463] squashfs: version 4.0 (2009/01/31) Phillip Lougher
[    0.931899] fuse init (API version 7.23)
[    0.932791] Key type big_key registered
[    0.933604] Allocating IMA MOK and blacklist keyrings.
[    0.934785] Key type asymmetric registered
[    0.935759] Asymmetric key parser 'x509' registered
[    0.936722] Block layer SCSI generic (bsg) driver version 0.4 loaded (major 249)
[    0.938357] io scheduler noop registered
[    0.939639] io scheduler deadline registered (default)
[    0.941241] io scheduler cfq registered
[    0.942267] pci_hotplug: PCI Hot Plug PCI Core version: 0.5
[    0.943499] pciehp: PCI Express Hot Plug Controller Driver version: 0.4
[    0.945117] ACPI: AC Adapter [AC] (off-line)
[    0.946258] input: Power Button as /devices/LNXSYSTM:00/LNXPWRBN:00/input/input0
[    0.947666] ACPI: Power Button [PWRF]
[    0.948496] input: Sleep Button as /devices/LNXSYSTM:00/LNXSLPBN:00/input/input1
[    0.950005] ACPI: Sleep Button [SLPF]
[    0.951508] ACPI: Battery Slot [BAT0] (battery present)
[    0.952507] GHES: HEST is not enabled!
[    0.953564] Serial: 8250/16550 driver, 32 ports, IRQ sharing enabled
[    0.975640] 00:02: ttyS0 at I/O 0x3f8 (irq = 4, base_baud = 115200) is a 16550A
[    0.980813] Linux agpgart interface v0.103
[    0.983133] loop: module loaded
[    0.984404] scsi host0: ata_piix
[    0.985178] scsi host1: ata_piix
[    0.985898] ata1: PATA max UDMA/33 cmd 0x1f0 ctl 0x3f6 bmdma 0xd000 irq 14
[    0.987270] ata2: PATA max UDMA/33 cmd 0x170 ctl 0x376 bmdma 0xd008 irq 15
[    0.989151] libphy: Fixed MDIO Bus: probed
[    0.990327] tun: Universal TUN/TAP device driver, 1.6
[    0.991485] tun: (C) 1999-2004 Max Krasnyansky <maxk@qualcomm.com>
[    0.993637] PPP generic driver version 2.4.2
[    0.995234] ehci_hcd: USB 2.0 'Enhanced' Host Controller (EHCI) Driver
[    0.996795] ehci-pci: EHCI PCI platform driver
[    0.997808] ehci-platform: EHCI generic platform driver
[    0.998867] ohci_hcd: USB 1.1 'Open' Host Controller (OHCI) Driver
[    1.000247] ohci-pci: OHCI PCI platform driver
[    1.001255] ohci-platform: OHCI generic platform driver
[    1.002560] uhci_hcd: USB Universal Host Controller Interface driver
[    1.004279] i8042: PNP: PS/2 Controller [PNP0303:PS2K,PNP0f03:PS2M] at 0x60,0x64 irq 1,12
[    1.007326] serio: i8042 KBD port at 0x60,0x64 irq 1
[    1.009120] serio: i8042 AUX port at 0x60,0x64 irq 12
[    1.010454] mousedev: PS/2 mouse device common for all mice
[    1.012212] input: AT Translated Set 2 keyboard as /devices/platform/i8042/serio0/input/input2
[    1.014351] rtc_cmos rtc_cmos: rtc core: registered rtc_cmos as rtc0
[    1.015637] rtc_cmos rtc_cmos: alarms up to one day, 114 bytes nvram
[    1.016919] i2c /dev entries driver
[    1.017847] device-mapper: uevent: version 1.0.3
[    1.018925] device-mapper: ioctl: 4.34.0-ioctl (2015-10-28) initialised: dm-devel@redhat.com
[    1.020798] ledtrig-cpu: registered to indicate activity on CPUs
[    1.022657] NET: Registered protocol family 10
[    1.024164] NET: Registered protocol family 17
[    1.025484] Key type dns_resolver registered
[    1.026825] registered taskstats version 1
[    1.027885] Loading compiled-in X.509 certificates
[    1.029428] Loaded X.509 cert 'Build time autogenerated kernel key: 2501974cc66248a18f8fa54aaac948a5171f77fb'
[    1.032254] zswap: loaded using pool lzo/zbud
[    1.034975] Key type trusted registered
[    1.038378] Key type encrypted registered
[    1.039574] AppArmor: AppArmor sha1 policy hashing enabled
[    1.040930] ima: No TPM chip found, activating TPM-bypass!
[    1.042522] ima: Allocated hash algorithm: sha1
[    1.043651] evm: HMAC attrs: 0x1
[    1.044851]   Magic number: 12:680:839
[    1.046532] rtc_cmos rtc_cmos: setting system clock to 2020-03-19 14:48:05 UTC (1584629285)
[    1.048478] BIOS EDD facility v0.16 2004-Jun-25, 0 devices found
[    1.049656] EDD information not available.
[    1.144950] Freeing unused kernel memory: 1488K
[    1.146329] Write protecting the kernel read-only data: 14336k
[    1.148263] Freeing unused kernel memory: 1604K
[    1.149656] Freeing unused kernel memory: 64K
Loading, please wait...
starting version 229
[    1.165033] random: udevadm: uninitialized urandom read (16 bytes read, 3 bits of entropy available)
[    1.167856] random: udevadm: uninitialized urandom read (16 bytes read, 3 bits of entropy available)
[    1.171190] random: systemd-udevd: uninitialized urandom read (16 bytes read, 3 bits of entropy available)
[    1.175220] random: systemd-udevd: uninitialized urandom read (16 bytes read, 3 bits of entropy available)
[    1.177904] random: systemd-udevd: uninitialized urandom read (16 bytes read, 3 bits of entropy available)
[    1.180464] random: systemd-udevd: uninitialized urandom read (16 bytes read, 3 bits of entropy available)
[    1.191391] random: systemd-udevd: uninitialized urandom read (16 bytes read, 3 bits of entropy available)
[    1.195917] random: systemd-udevd: uninitialized urandom read (16 bytes read, 3 bits of entropy available)
[    1.199573] random: udevadm: uninitialized urandom read (16 bytes read, 3 bits of entropy available)
[    1.201853] random: systemd-udevd: uninitialized urandom read (16 bytes read, 3 bits of entropy available)
[    1.260221] e1000: Intel(R) PRO/1000 Network Driver - version 7.3.21-k8-NAPI
[    1.261577] e1000: Copyright (c) 1999-2006 Intel Corporation.
[    1.266602] Fusion MPT base driver 3.04.20
[    1.267357] Copyright (c) 1999-2008 LSI Corporation
[    1.281417] Fusion MPT SPI Host driver 3.04.20
[    1.302108] AVX2 version of gcm_enc/dec engaged.
[    1.303390] AES CTR mode by8 optimization enabled
[    1.478061] input: ImExPS/2 Generic Explorer Mouse as /devices/platform/i8042/serio1/input/input4
[    1.700595] e1000 0000:00:03.0 eth0: (PCI:33MHz:32-bit) 02:1a:6e:a3:7e:96
[    1.702022] e1000 0000:00:03.0 eth0: Intel(R) PRO/1000 Network Connection
[    1.704039] mptbase: ioc0: Initiating bringup
[    1.768608] ioc0: LSI53C1030 A0: Capabilities={Initiator}
[    1.937006] scsi host2: ioc0: LSI53C1030 A0, FwRev=00000000h, Ports=1, MaxQ=256, IRQ=20
[    2.053858] scsi 2:0:0:0: Direct-Access     VBOX     HARDDISK         1.0  PQ: 0 ANSI: 5
[    2.055943] scsi target2:0:0: Beginning Domain Validation
[    2.060055] scsi target2:0:0: Domain Validation skipping write tests
[    2.061437] scsi target2:0:0: Ending Domain Validation
[    2.062710] scsi target2:0:0: asynchronous
[    2.064385] scsi 2:0:1:0: Direct-Access     VBOX     HARDDISK         1.0  PQ: 0 ANSI: 5
[    2.066233] scsi target2:0:1: Beginning Domain Validation
[    2.069588] scsi target2:0:1: Domain Validation skipping write tests
[    2.070882] scsi target2:0:1: Ending Domain Validation
[    2.072296] scsi target2:0:1: asynchronous
[    2.078224] sd 2:0:0:0: Attached scsi generic sg0 type 0
[    2.079204] sd 2:0:0:0: [sda] 20971520 512-byte logical blocks: (10.7 GB/10.0 GiB)
[    2.094025] sd 2:0:1:0: Attached scsi generic sg1 type 0
[    2.095000] sd 2:0:1:0: [sdb] 20480 512-byte logical blocks: (10.5 MB/10.0 MiB)
[    2.101120] sd 2:0:1:0: [sdb] Write Protect is off
[    2.106541] sd 2:0:1:0: [sdb] Incomplete mode parameter data
[    2.108133] sd 2:0:1:0: [sdb] Assuming drive cache: write through
[    2.118056] sd 2:0:0:0: [sda] Write Protect is off
[    2.119189] sd 2:0:0:0: [sda] Incomplete mode parameter data
[    2.120235] sd 2:0:0:0: [sda] Assuming drive cache: write through
[    2.139006]  sda: sda1
[    2.140391] sd 2:0:1:0: [sdb] Attached SCSI disk
[    2.157130] sd 2:0:0:0: [sda] Attached SCSI disk
[    2.473211] e1000 0000:00:08.0 eth1: (PCI:33MHz:32-bit) 08:00:27:64:2e:43
[    2.475414] e1000 0000:00:08.0 eth1: Intel(R) PRO/1000 Network Connection
[    2.478223] e1000 0000:00:08.0 enp0s8: renamed from eth1
[    2.480961] e1000 0000:00:03.0 enp0s3: renamed from eth0
Begin: Loading essential drivers ... [    3.830274] md: linear personality registered for level -1
[    3.833587] md: multipath personality registered for level -4
[    3.836980] md: raid0 personality registered for level 0
[    3.842301] md: raid1 personality registered for level 1
[    3.912044] raid6: sse2x1   gen() 10321 MB/s
[    3.979822] raid6: sse2x1   xor()  9346 MB/s
[    4.048113] raid6: sse2x2   gen() 14273 MB/s
[    4.116014] raid6: sse2x2   xor()  9366 MB/s
[    4.183836] raid6: sse2x4   gen() 14446 MB/s
[    4.251880] raid6: sse2x4   xor()  8567 MB/s
[    4.319957] raid6: avx2x1   gen() 15083 MB/s
[    4.387828] raid6: avx2x2   gen() 25403 MB/s
[    4.456100] raid6: avx2x4   gen() 28150 MB/s
[    4.457527] raid6: using algorithm avx2x4 gen() 28150 MB/s
[    4.458918] raid6: using avx2x2 recovery algorithm
[    4.461587] xor: automatically using best checksumming function:
[    4.503685]    avx       : 27748.000 MB/sec
[    4.508005] async_tx: api initialized (async)
[    4.520734] md: raid6 personality registered for level 6
[    4.522079] md: raid5 personality registered for level 5
[    4.523622] md: raid4 personality registered for level 4
[    4.531800] md: raid10 personality registered for level 10
done.
Begin: Running /scripts/init-premount ... done.
Begin: Mounting root file system ... Begin: Running /scripts/local-top ... done.
Begin: Running /scripts/local-premount ... [    4.570248] Btrfs loaded
Scanning for Btrfs filesystems
done.
Warning: fsck not present, so skipping root file system
[    4.602647] EXT4-fs (sda1): INFO: recovery required on readonly filesystem
[    4.603924] EXT4-fs (sda1): write access will be enabled during recovery
[    4.724471] EXT4-fs (sda1): orphan cleanup on readonly fs
[    4.725593] EXT4-fs (sda1): 6 orphan inodes deleted
[    4.726487] EXT4-fs (sda1): recovery complete
[    4.727852] EXT4-fs (sda1): mounted filesystem with ordered data mode. Opts: (null)
done.
Begin: Running /scripts/local-bottom ... done.
Begin: Running /scripts/init-bottom ... done.
[    4.841402] systemd[1]: systemd 229 running in system mode. (+PAM +AUDIT +SELINUX +IMA +APPARMOR +SMACK +SYSVINIT +UTMP +LIBCRYPTSETUP +GCRYPT +GNUTLS +ACL +XZ -LZ4 +SECCOMP +BLKID +ELFUTILS +KMOD -IDN)
[    4.844600] systemd[1]: Detected virtualization oracle.
[    4.845610] systemd[1]: Detected architecture x86-64.

Welcome to [1mUbuntu 16.04.6 LTS[0m!

[    4.848221] systemd[1]: Set hostname to <ubuntu-xenial>.
[    4.960683] random: nonblocking pool is initialized
[    5.011355] systemd[1]: Listening on LVM2 metadata daemon socket.
[[0;32m  OK  [0m] Listening on LVM2 metadata daemon socket.
[    5.013840] systemd[1]: Created slice User and Session Slice.
[[0;32m  OK  [0m] Created slice User and Session Slice.
[    5.016124] systemd[1]: Listening on Journal Socket (/dev/log).
[[0;32m  OK  [0m] Listening on Journal Socket (/dev/log).
[    5.018330] systemd[1]: Listening on /dev/initctl Compatibility Named Pipe.
[[0;32m  OK  [0m] Listening on /dev/initctl Compatibility Named Pipe.
[    5.020489] systemd[1]: Reached target User and Group Name Lookups.
[[0;32m  OK  [0m] Reached target User and Group Name Lookups.
[    5.027843] systemd[1]: Listening on Journal Socket.
[[0;32m  OK  [0m] Listening on Journal Socket.
[    5.029835] systemd[1]: Listening on Device-mapper event daemon FIFOs.
[[0;32m  OK  [0m] Listening on Device-mapper event daemon FIFOs.
[    5.032572] systemd[1]: Listening on Journal Audit Socket.
[[0;32m  OK  [0m] Listening on Journal Audit Socket.
[    5.034545] systemd[1]: Created slice System Slice.
[[0;32m  OK  [0m] Created slice System Slice.
[    5.036734] systemd[1]: Mounting POSIX Message Queue File System...
         Mounting POSIX Message Queue File System...
[    5.044796] systemd[1]: Starting Monitoring of LVM2 mirrors, snapshots etc. using dmeventd or progress polling...
         Starting Monitoring of LVM2 mirrors... dmeventd or progress polling...
[    5.057182] systemd[1]: Starting Set console keymap...
         Starting Set console keymap...
[    5.070209] systemd[1]: Mounting Debug File System...
         Mounting Debug File System...
[    5.077261] systemd[1]: Starting Nameserver information manager...
         Starting Nameserver information manager...
[    5.082449] systemd[1]: Starting Create list of required static device nodes for the current kernel...
         Starting Create list of required st... nodes for the current kernel...
[    5.099917] systemd[1]: Reached target Swap.
[[0;32m  OK  [0m] Reached target Swap.
[    5.107914] systemd[1]: Reached target Encrypted Volumes.
[[0;32m  OK  [0m] Reached target Encrypted Volumes.
[    5.109587] systemd[1]: Listening on LVM2 poll daemon socket.
[[0;32m  OK  [0m] Listening on LVM2 poll daemon socket.
[    5.111905] systemd[1]: Listening on udev Control Socket.
[[0;32m  OK  [0m] Listening on udev Control Socket.
[    5.115825] systemd[1]: Started Trigger resolvconf update for networkd DNS.
[[0;32m  OK  [0m] Started Trigger resolvconf update for networkd DNS.
[    5.120069] systemd[1]: Created slice system-serial\x2dgetty.slice.
[[0;32m  OK  [0m] Created slice system-serial\x2dgetty.slice.
[    5.130289] systemd[1]: Starting Load Kernel Modules...
         Starting Load Kernel Modules...
[    5.143013] systemd[1]: Mounting Huge Pages File System...
         Mounting Huge Pages File System...
[    5.145866] systemd[1]: Reached target System Time Synchronized.
[[0;32m  OK  [0m] Reached target System Time Synchronized.
[    5.148160] systemd[1]: Listening on Syslog Socket.
[[0;32m  OK  [0m] Listening on Syslog Socket.
[    5.154101] systemd[1]: Starting Journal Service...
[    5.158750] Loading iSCSI transport class v2.0-870.
         Starting Journal Service...
[    5.168382] systemd[1]: Listening on udev Kernel Socket.
[[0;32m  OK  [0m] Listening on udev Kernel Socket.
[    5.171317] systemd[1]: Starting Remount Root and Kernel File Systems...
         Starting Remount Root and Kernel File Systems...
[    5.178354] systemd[1]: Started Forward Password Requests to Wall Directory Watch.
[[0;32m  OK  [0m] Started Forward Password Requests to Wall Directory Watch.
[    5.186783] systemd[1]: Reached target Slices.
[[0;32m  OK  [0m] Reached target Slices.
[    5.189496] systemd[1]: Set up automount Arbitrary Executable File Formats File System Automount Point.
[    5.192924] EXT4-fs (sda1): re-mounted. Opts: (null)
[    5.195414] iscsi: registered transport (tcp)
[[0;32m  OK  [0m] Set up automount Arbitrary Executab...ats File System Automount Point.
[    5.205512] systemd[1]: Starting Uncomplicated firewall...
         Starting Uncomplicated firewall...
[    5.209706] systemd[1]: Mounted POSIX Message Queue File System.
[[0;32m  OK  [0m] Mounted POSIX Message Queue File System.
[    5.211864] systemd[1]: Mounted Debug File System.
[[0;32m  OK  [0m] Mounted Debug File System.
[    5.215309] systemd[1]: Mounted Huge Pages File System.
[[0;32m  OK  [0m] Mounted Huge Pages File System.
[    5.222829] systemd[1]: Started Create list of required static device nodes for the current kernel.
[[0;32m  OK  [0m] Started Create list of required sta...ce nodes for the current kernel.
[    5.241716] systemd[1]: Started Remount Root and Kernel File Systems.
[[0;32m  OK  [0m] Started Remount Root and Kernel File Systems.
[    5.246375] systemd[1]: Started Uncomplicated firewall.
[[0;32m  OK  [0m] Started Uncomplicated firewall.
[    5.257052] systemd[1]: Started Nameserver information manager.
[[0;32m  OK  [0m] Started Nameserver information manager.
[    5.260876] systemd[1]: Started Set console keymap.
[[0;32m  OK  [0m] Started Set console keymap.
[    5.278368] systemd[1]: Started LVM2 metadata daemon.
[[0;32m  OK  [0m] Started LVM2 metadata daemon.
[    5.294046] systemd[1]: Starting udev Coldplug all Devices...
         Starting udev Coldplug all Devices...
[    5.306714] systemd[1]: Starting Load/Save Random Seed...
         Starting Load/Save Random Seed...
[    5.312853] systemd[1]: Starting Create Static Device Nodes in /dev...
         Starting Create Static Device Nodes in /dev...
[    5.337043] systemd[1]: Started Load/Save Random Seed.
[[0;32m  OK  [0m] Started Load/Save Random Seed.
[    5.349028] systemd[1]: Started Journal Service.
[[0;32m  OK  [0m] Started Journal Service.
         Starting Flush Journal to Persistent Storage...
[    5.378287] systemd-journald[395]: Received request to flush runtime journal from PID 1
[    5.385701] iscsi: registered transport (iser)
[[0;32m  OK  [0m] Started Load Kernel Modules.
         Starting Apply Kernel Variables...
         Mounting FUSE Control File System...
[[0;32m  OK  [0m] Mounted FUSE Control File System.
[[0;32m  OK  [0m] Started Create Static Device Nodes in /dev.
         Starting udev Kernel Device Manager...
[[0;32m  OK  [0m] Started Apply Kernel Variables.
[[0;32m  OK  [0m] Started Flush Journal to Persistent Storage.
[[0;32m  OK  [0m] Started udev Kernel Device Manager.
[[0;32m  OK  [0m] Started udev Coldplug all Devices.
[[0;32m  OK  [0m] Started Dispatch Password Requests to Console Directory Watch.
[[0;32m  OK  [0m] Started Monitoring of LVM2 mirrors,...ng dmeventd or progress polling.
[[0;32m  OK  [0m] Reached target Local File Systems (Pre).
[[0;32m  OK  [0m] Reached target Local File Systems.
         Starting LSB: AppArmor initialization...
         Starting Set console font and keymap...
         Starting Create Volatile Files and Directories...
         Starting Initial cloud-init job (pre-networking)...
         Starting Tell Plymouth To Write Out Runtime Data...
[[0;32m  OK  [0m] Started Create Volatile Files and Directories.
         Starting Update UTMP about System Boot/Shutdown...
[[0;32m  OK  [0m] Started Tell Plymouth To Write Out Runtime Data.
[[0;32m  OK  [0m] Started Update UTMP about System Boot/Shutdown.
[[0;32m  OK  [0m] Started LSB: AppArmor initialization.
[[0;32m  OK  [0m] Found device /dev/ttyS0.
[[0;32m  OK  [0m] Listening on Load/Save RF Kill Switch Status /dev/rfkill Watch.
[[0;32m  OK  [0m] Found device 82540EM Gigabit Ethern...r (PRO/1000 MT Desktop Adapter).
[[0;32m  OK  [0m] Found device 82540EM Gigabit Ethern...r (PRO/1000 MT Desktop Adapter).
[[0;32m  OK  [0m] Started Set console font and keymap.
[[0;32m  OK  [0m] Created slice system-getty.slice.
[[0;32m  OK  [0m] Started Initial cloud-init job (pre-networking).
[[0;32m  OK  [0m] Reached target Network (Pre).
[    7.235347] cloud-init[493]: Cloud-init v. 19.3-41-gc4735dd3-0ubuntu1~16.04.1 running 'init-local' at Thu, 19 Mar 2020 14:48:11 +0000. Up 6.63 seconds.
         Starting Raise network interfaces...
[[0;32m  OK  [0m] Started ifup for enp0s3.
[[0;32m  OK  [0m] Started ifup for enp0s8.
[[0;32m  OK  [0m] Started Raise network interfaces.
         Starting Initial cloud-init job (metadata service crawler)...
[[0;32m  OK  [0m] Reached target Network.
[    8.770637] cloud-init[1085]: Cloud-init v. 19.3-41-gc4735dd3-0ubuntu1~16.04.1 running 'init' at Thu, 19 Mar 2020 14:48:12 +0000. Up 7.94 seconds.
[    8.776810] cloud-init[1085]: ci-info: ++++++++++++++++++++++++++++++++++++++Net device info+++++++++++++++++++++++++++++++++++++++
[    8.784609] cloud-init[1085]: ci-info: +--------+------+-----------------------------+---------------+--------+-------------------+
[    8.792413] cloud-init[1085]: ci-info: | Device |  Up  |           Address           |      Mask     | Scope  |     Hw-Address    |
[    8.800374] cloud-init[1085]: ci-info: +--------+------+-----------------------------+---------------+--------+-------------------+
[    8.808380] cloud-init[1085]: ci-info: | enp0s3 | True |          10.0.2.15          | 255.255.255.0 | global | 02:1a:6e:a3:7e:96 |
[    8.816801] cloud-init[1085]: ci-info: | enp0s3 | True |  fe80::1a:6eff:fea3:7e96/64 |       .       |  link  | 02:1a:6e:a3:7e:96 |
[    8.824637] cloud-init[1085]: ci-info: | enp0s8 | True |        192.168.33.50        | 255.255.255.0 | global | 08:00:27:64:2e:43 |
[    8.826248] cloud-init[1085]: ci-info: | enp0s8 | True | fe80::a00:27ff:fe64:2e43/64 |       .       |  link  | 08:00:27:64:2e:43 |
[    8.832543] cloud-init[1085]: ci-info: |   lo   | True |          127.0.0.1          |   255.0.0.0   |  host  |         .         |
[    8.840273] cloud-init[1085]: ci-info: |   lo   | True |           ::1/128           |       .       |  host  |         .         |
[[0;32m  OK  [0m] Started Initial cloud-init job (metadata service crawler).
[[0;32m  OK  [0m] Reached target System Initialization.
         Starting LXD - unix socket.
[    8.843451] cloud-init[1085]: [[0;32m  OK  [0m] Started ACPI Events Check.
[[0;32m  OK  [0m] Reached target Paths.
[[0;32m  OK  [0m] Started Daily Cleanup of Temporary Directories.
ci-info: +--------+------+-----------------------------+---------------+--------+-------------------+
[    8.852558] cloud-init[1085]: ci-info: ++++++++++++++++++++++++++++Route IPv4 info++++++++++++++++++++++++++++
[    8.861178] cloud-init[1085]: ci-info: +-------+--------------+----------+---------------+-----------+-------+
[    8.862475] cloud-init[1085]: ci-info: | Route | Destination  | Gateway  |    Genmask    | Interface | Flags |
[    8.863625] cloud-init[1085]: ci-info: +-------+--------------+----------+---------------+-----------+-------+
[    8.864721] cloud-init[1085]: ci-info: |   0   |   0.0.0.0    | 10.0.2.2 |    0.0.0.0    |   enp0s3  |   UG  |
[    8.866226] cloud-init[1085]: ci-info: |   1   |   10.0.2.0   | 0.0.0.0  | 255.255.255.0 |   enp0s3  |   U   |
[    8.872904] cloud-init[1085]: ci-info: |   2   | 192.168.33.0 | 0.0.0.0  | 255.255.255.0 |   enp0s8  |   U   |
[    8.874306] cloud-init[1085]: ci-info: +-------+--------------+----------+---------------+-----------+-------+
[[0;32m  OK  [0m] Started Daily apt download activities.
[[0;32m  OK  [0m] Listening on D-Bus System Message Bus Socket.
         Starting Socket activation for snappy daemon.
[    8.878025] cloud-init[1085]: ci-info: +++++++++++++++++++Route IPv6 info+++++++++++++++++++
[    8.887401] cloud-init[1085]: ci-info: +-------+-------------+---------+-----------+-------+
[    8.888462] cloud-init[1085]: ci-info: | Route | Destination | Gateway | Interface | Flags |
[[0;32m  OK  [0m] Started Clean PHP session files every 30 mins.
[[0;32m  OK  [0m] Started Daily apt upgrade and clean activities.
[[0;32m  OK  [0m] Started Message of the Day.
[    8.891638] cloud-init[1085]: ci-info: +-------+-------------+---------+-----------+-------+
[    8.912799] cloud-init[1085]: ci-info: |   0   |  fe80::/64  |    ::   |   enp0s8  |   U   |
[    8.914055] cloud-init[1085]: ci-info: |   1   |  fe80::/64  |    ::   |   enp0s3  |   U   |
[[0;32m  OK  [0m] Reached target Timers.
[[0;32m  OK  [0m] Listening on ACPID Listen Socket.
[[0;32m  OK  [0m] Listening on UUID daemon activation socket.
[    8.916359] cloud-init[1085]: ci-info: |   4   |   ff00::/8  |    ::   |   enp0s8  |   U   |
[    8.941243] cloud-init[1085]: ci-info: |   5   |   ff00::/8  |    ::   |   enp0s3  |   U   |
[    8.942422] cloud-init[1085]: ci-info: +-------+-------------+---------+-----------+-------+
[[0;32m  OK  [0m] Reached target Network is Online.
         Starting iSCSI initiator daemon (iscsid)...
[[0;32m  OK  [0m] Reached target Cloud-config availability.
[[0;32m  OK  [0m] Listening on LXD - unix socket.
[[0;32m  OK  [0m] Listening on Socket activation for snappy daemon.
[[0;32m  OK  [0m] Reached target Sockets.
[[0;32m  OK  [0m] Reached target Basic System.
         Starting LXD - container startup/shutdown...
         Starting MySQL Community Server...
[[0;32m  OK  [0m] Started Regular background program processing daemon.
         Starting Login Service...
[[0;32m  OK  [0m] Started FUSE filesystem for LXC.
         Starting Virtualbox guest utils...
         Starting Message of the Day...
[[0;32m  OK  [0m] Started Deferred execution scheduler.
         Starting Clean php session files...
         Starting LSB: Record successful boot for GRUB...
[[0;32m  OK  [0m] Started D-Bus System Message Bus.
[[0;32m  OK  [0m] Started ACPI event daemon.
         Starting Accounts Service...
         Starting Snappy daemon...
         Starting LSB: MD monitoring daemon...
         Starting System Logging Service...
         Starting /etc/rc.local Compatibility...
         Starting OpenBSD Secure Shell server...
[[0;32m  OK  [0m] Started iSCSI initiator daemon (iscsid).
[[0;32m  OK  [0m] Started /etc/rc.local Compatibility.
         Starting Login to default iSCSI targets...
[[0;32m  OK  [0m] Started Login Service.
[[0;32m  OK  [0m] Started Unattended Upgrades Shutdown.
[[0;32m  OK  [0m] Started System Logging Service.
[[0;32m  OK  [0m] Started Login to default iSCSI targets.
[[0;32m  OK  [0m] Reached target Remote File Systems (Pre).
[[0;32m  OK  [0m] Reached target Remote File Systems.
         Starting LSB: daemon to balance interrupts for SMP systems...
         Starting Permit User Sessions...
         Starting LSB: Set the CPU Frequency Scaling governor to "ondemand"...
         Starting LSB: Apache2 web server...
         Starting LSB: automatic crash report generation...
[[0;32m  OK  [0m] Started Permit User Sessions.
         Starting Terminate Plymouth Boot Screen...
         Starting Hold until boot process finishes up...
[[0;32m  OK  [0m] Started Hold until boot process finishes up.
[[0;32m  OK  [0m] Started Terminate Plymouth Boot Screen.
         Starting Set console scheme...
[[0;32m  OK  [0m] Started Serial Getty on ttyS0.
[[0;32m  OK  [0m] Started Getty on tty1.
[[0;32m  OK  [0m] Reached target Login Prompts.
[[0;32m  OK  [0m] Started Set console scheme.
[[0;32m  OK  [0m] Started LSB: Record successful boot for GRUB.
[[0;32m  OK  [0m] Started LXD - container startup/shutdown.
[[0;32m  OK  [0m] Started LSB: MD monitoring daemon.
         Starting Authenticate and Authorize Users to Run Privileged Tasks...
[[0;32m  OK  [0m] Started LSB: Set the CPU Frequency Scaling governor to "ondemand".
[[0;32m  OK  [0m] Started LSB: daemon to balance interrupts for SMP systems.
[[0;32m  OK  [0m] Started OpenBSD Secure Shell server.
[[0;32m  OK  [0m] Started LSB: automatic crash report generation.
[[0;32m  OK  [0m] Started Authenticate and Authorize Users to Run Privileged Tasks.
[[0;32m  OK  [0m] Started Accounts Service.
[[0;32m  OK  [0m] Started Virtualbox guest utils.
[[0;32m  OK  [0m] Started Snappy daemon.
         Starting Wait until snapd is fully seeded...
[[0;32m  OK  [0m] Started Clean php session files.
[[0;32m  OK  [0m] Started Wait until snapd is fully seeded.
         Starting Apply the settings specified in cloud-config...
[[0;32m  OK  [0m] Started LSB: Apache2 web server.
[[0;32m  OK  [0m] Created slice User Slice of vagrant.
         Starting User Manager for UID 1000...
[[0;32m  OK  [0m] Started Session 1 of user vagrant.
[[0;32m  OK  [0m] Started User Manager for UID 1000.
[   12.269830] cloud-init[1463]: Cloud-init v. 19.3-41-gc4735dd3-0ubuntu1~16.04.1 running 'modules:config' at Thu, 19 Mar 2020 14:48:16 +0000. Up 11.95 seconds.
[[0;32m  OK  [0m] Started Apply the settings specified in cloud-config.
[[0;32m  OK  [0m] Started Message of the Day.
[[0;32m  OK  [0m] Started MySQL Community Server.
[[0;32m  OK  [0m] Reached target Multi-User System.
[[0;32m  OK  [0m] Reached target Graphical Interface.
         Starting Update UTMP about System Runlevel Changes...
         Starting Execute cloud user/final scripts...
[[0;32m  OK  [0m] Started Update UTMP about System Runlevel Changes.
[   13.860388] cloud-init[1606]: Cloud-init v. 19.3-41-gc4735dd3-0ubuntu1~16.04.1 running 'modules:final' at Thu, 19 Mar 2020 14:48:18 +0000. Up 13.49 seconds.
[   13.869471] cloud-init[1606]: Cloud-init v. 19.3-41-gc4735dd3-0ubuntu1~16.04.1 finished at Thu, 19 Mar 2020 14:48:18 +0000. Datasource DataSourceNoCloud [seed=/dev/sdb][dsmode=net].  Up 13.84 seconds
[[0;32m  OK  [0m] Started Execute cloud user/final scripts.
[[0;32m  OK  [0m] Reached target Cloud-init target.

Ubuntu 16.04.6 LTS ubuntu-xenial ttyS0

ubuntu-xenial login: 